[debug] [2021-04-08T06:51:30.178Z] ----------------------------------------------------------------------
[debug] [2021-04-08T06:51:30.182Z] Command:       C:\Program Files\nodejs\node.exe C:\Users\Haseeb Khan\AppData\Roaming\npm\node_modules\firebase-tools\lib\bin\firebase.js init
[debug] [2021-04-08T06:51:30.182Z] CLI Version:   9.8.0
[debug] [2021-04-08T06:51:30.182Z] Platform:      win32
[debug] [2021-04-08T06:51:30.182Z] Node Version:  v14.16.0
[debug] [2021-04-08T06:51:30.183Z] Time:          Thu Apr 08 2021 11:51:30 GMT+0500 (Pakistan Standard Time)
[debug] [2021-04-08T06:51:30.183Z] ----------------------------------------------------------------------
[debug] 
[debug] [2021-04-08T06:51:30.190Z] > command requires scopes: ["email","openid","https://www.googleapis.com/auth/cloudplatformprojects.readonly","https://www.googleapis.com/auth/firebase","https://www.googleapis.com/auth/cloud-platform"]
[debug] [2021-04-08T06:51:30.190Z] > authorizing via signed-in user
[info] 
     ######## #### ########  ######## ########     ###     ######  ########
     ##        ##  ##     ## ##       ##     ##  ##   ##  ##       ##
     ######    ##  ########  ######   ########  #########  ######  ######
     ##        ##  ##    ##  ##       ##     ## ##     ##       ## ##
     ##       #### ##     ## ######## ########  ##     ##  ######  ########

You're about to initialize a Firebase project in this directory:

  C:\Users\Haseeb Khan\Desktop\amazon-clone\my-app

Before we get started, keep in mind:

  * You are initializing in an existing Firebase project directory

[debug] [2021-04-08T14:11:37.426Z] ----------------------------------------------------------------------
[debug] [2021-04-08T14:11:37.428Z] Command:       C:\Program Files\nodejs\node.exe C:\Users\Haseeb Khan\AppData\Roaming\npm\node_modules\firebase-tools\lib\bin\firebase.js init
[debug] [2021-04-08T14:11:37.428Z] CLI Version:   9.8.0
[debug] [2021-04-08T14:11:37.428Z] Platform:      win32
[debug] [2021-04-08T14:11:37.429Z] Node Version:  v14.16.0
[debug] [2021-04-08T14:11:37.429Z] Time:          Thu Apr 08 2021 19:11:37 GMT+0500 (Pakistan Standard Time)
[debug] [2021-04-08T14:11:37.430Z] ----------------------------------------------------------------------
[debug] 
[debug] [2021-04-08T14:11:37.436Z] > command requires scopes: ["email","openid","https://www.googleapis.com/auth/cloudplatformprojects.readonly","https://www.googleapis.com/auth/firebase","https://www.googleapis.com/auth/cloud-platform"]
[debug] [2021-04-08T14:11:37.436Z] > authorizing via signed-in user
[info] 
     ######## #### ########  ######## ########     ###     ######  ########
     ##        ##  ##     ## ##       ##     ##  ##   ##  ##       ##
     ######    ##  ########  ######   ########  #########  ######  ######
     ##        ##  ##    ##  ##       ##     ## ##     ##       ## ##
     ##       #### ##     ## ######## ########  ##     ##  ######  ########

You're about to initialize a Firebase project in this directory:

  C:\Users\Haseeb Khan\Desktop\amazon-clone\my-app

Before we get started, keep in mind:

  * You are initializing in an existing Firebase project directory

[info] 
=== Project Setup
[info] 
[info] First, let's associate this project directory with a Firebase project.
[info] You can create multiple project aliases by running firebase use --add, 
[info] but for now we'll just set up a default project.
[info] 
[info] i  .firebaserc already has a default project, using clone-ec084. 
[debug] [2021-04-08T14:12:32.007Z] > refreshing access token with scopes: []
[debug] [2021-04-08T14:12:32.008Z] >>> HTTP REQUEST POST https://www.googleapis.com/oauth2/v3/token  
 <request body omitted>
[debug] [2021-04-08T14:12:32.486Z] <<< HTTP RESPONSE 200 {"expires":"Mon, 01 Jan 1990 00:00:00 GMT","date":"Thu, 08 Apr 2021 14:12:33 GMT","pragma":"no-cache","cache-control":"no-cache, no-store, max-age=0, must-revalidate","content-type":"application/json; charset=utf-8","vary":"X-Origin, Referer, Origin,Accept-Encoding","server":"scaffolding on HTTPServer2","x-xss-protection":"0","x-frame-options":"SAMEORIGIN","x-content-type-options":"nosniff","alt-svc":"h3-29=\":443\"; ma=2592000,h3-T051=\":443\"; ma=2592000,h3-Q050=\":443\"; ma=2592000,h3-Q046=\":443\"; ma=2592000,h3-Q043=\":443\"; ma=2592000,quic=\":443\"; ma=2592000; v=\"46,43\"","accept-ranges":"none","transfer-encoding":"chunked"}
[debug] [2021-04-08T14:12:32.527Z] >>> [apiv2][query] GET https://firebase.googleapis.com/v1beta1/projects/clone-ec084 [none]
[debug] [2021-04-08T14:12:33.146Z] <<< [apiv2][status] GET https://firebase.googleapis.com/v1beta1/projects/clone-ec084 200
[debug] [2021-04-08T14:12:33.147Z] <<< [apiv2][body] GET https://firebase.googleapis.com/v1beta1/projects/clone-ec084 {"projectId":"clone-ec084","projectNumber":"439656751970","displayName":"amazon-clone","name":"projects/clone-ec084","resources":{"hostingSite":"clone-ec084","realtimeDatabaseInstance":"clone-ec084-default-rtdb"},"state":"ACTIVE"}
[info] 
=== Hosting Setup
[info] 
[info] Your public directory is the folder (relative to your project directory) that
[info] will contain Hosting assets to be uploaded with firebase deploy. If you
[info] have a build process for your assets, use your build's output directory.
[info] 
[debug] [2021-04-08T14:12:48.739Z] >>> [apiv2][query] GET https://www.gstatic.com/firebasejs/releases.json [none]
[debug] [2021-04-08T14:12:49.073Z] <<< [apiv2][status] GET https://www.gstatic.com/firebasejs/releases.json 200
[debug] [2021-04-08T14:12:49.073Z] <<< [apiv2][body] GET https://www.gstatic.com/firebasejs/releases.json {"current":{"version":"8.3.2","browserURL":"https://www.gstatic.com/firebasejs/8.3.2/firebase.js","packageURL":"https://www.gstatic.com/firebasejs/8.3.2/firebase.tgz"},"live":{"version":"8.3","browserURL":"https://www.gstatic.com/firebasejs/live/8.3/firebase.js","packageURL":"https://www.gstatic.com/firebasejs/live/8.3/firebase.tgz"},"components":{"analytics":"https://www.gstatic.com/firebasejs/8.3.2/firebase-analytics.js","app":"https://www.gstatic.com/firebasejs/8.3.2/firebase-app.js","auth":"https://www.gstatic.com/firebasejs/8.3.2/firebase-auth.js","database":"https://www.gstatic.com/firebasejs/8.3.2/firebase-database.js","firestore":"https://www.gstatic.com/firebasejs/8.3.2/firebase-firestore.js","functions":"https://www.gstatic.com/firebasejs/8.3.2/firebase-functions.js","installations":"https://www.gstatic.com/firebasejs/8.3.2/firebase-installations.js","messaging":"https://www.gstatic.com/firebasejs/8.3.2/firebase-messaging.js","storage":"https://www.gstatic.com/firebasejs/8.3.2/firebase-storage.js","performance":"https://www.gstatic.com/firebasejs/8.3.2/firebase-performance.js","remote-config":"https://www.gstatic.com/firebasejs/8.3.2/firebase-remote-config.js","firestore.memory":"https://www.gstatic.com/firebasejs/8.3.2/firebase-firestore.memory.js"}}
[info] +  Wrote build/index.html 
[info] 
[info] i  Didn't detect a .git folder. Assuming C:\Users\Haseeb Khan\Desktop\amazon-clone\my-app is the project root. 
[info] i  Authorizing with GitHub to upload your service account to a GitHub repository's secrets store. 
[info] 
[info] Visit this URL on this device to log in:
[info] https://github.com/login/oauth/authorize?client_id=89cf50f02ac6aaed3484&state=15154207&redirect_uri=http%3A%2F%2Flocalhost%3A9005&scope=read%3Auser%20repo%20public_repo
[info] 
[info] Waiting for authentication...
[debug] [2021-04-08T14:13:47.497Z] >>> HTTP REQUEST POST https://github.com/login/oauth/access_token  
 {"client_id":"89cf50f02ac6aaed3484","client_secret":"3330d14abc895d9a74d5f17cd7a00711fa2c5bf0","code":"01e75e5d4439835b9e58","redirect_uri":"http://localhost:9005","state":"15154207"}
[debug] [2021-04-08T14:13:48.186Z] <<< HTTP RESPONSE 200 {"server":"GitHub.com","date":"Thu, 08 Apr 2021 14:13:48 GMT","content-type":"application/json; charset=utf-8","transfer-encoding":"chunked","vary":"X-PJAX, Accept-Encoding, Accept, X-Requested-With","etag":"W/\"3251057c8e9fafed39d1bc9eef3a44f4\"","cache-control":"max-age=0, private, must-revalidate","strict-transport-security":"max-age=31536000; includeSubdomains; preload","x-frame-options":"deny","x-content-type-options":"nosniff","x-xss-protection":"0","referrer-policy":"origin-when-cross-origin, strict-origin-when-cross-origin","expect-ct":"max-age=2592000, report-uri=\"https://api.github.com/_private/browser/errors\"","content-security-policy":"default-src 'none'; base-uri 'self'; block-all-mixed-content; connect-src 'self' uploads.github.com www.githubstatus.com collector.githubapp.com api.github.com github-cloud.s3.amazonaws.com github-production-repository-file-5c1aeb.s3.amazonaws.com github-production-upload-manifest-file-7fdce7.s3.amazonaws.com github-production-user-asset-6210df.s3.amazonaws.com cdn.optimizely.com logx.optimizely.com/v1/events wss://alive.github.com; font-src github.githubassets.com; form-action 'self' github.com gist.github.com; frame-ancestors 'none'; frame-src render.githubusercontent.com; img-src 'self' data: github.githubassets.com identicons.github.com collector.githubapp.com github-cloud.s3.amazonaws.com secured-user-images.githubusercontent.com/ *.githubusercontent.com; manifest-src 'self'; media-src 'none'; script-src github.githubassets.com; style-src 'unsafe-inline' github.githubassets.com; worker-src github.com/socket-worker-3f088aa2.js gist.github.com/socket-worker-3f088aa2.js","x-github-request-id":"C6A4:6FA3:A26F6:ACCF0:606F0F9C"}
[debug] [2021-04-08T14:13:48.241Z] >>> [apiv2][query] GET https://api.github.com/user [none]
[debug] [2021-04-08T14:13:48.940Z] <<< [apiv2][status] GET https://api.github.com/user 200
[debug] [2021-04-08T14:13:48.941Z] <<< [apiv2][body] GET https://api.github.com/user {"login":"haseeb1122-spec","id":82039897,"node_id":"MDQ6VXNlcjgyMDM5ODk3","avatar_url":"https://avatars.githubusercontent.com/u/82039897?v=4","gravatar_id":"","url":"https://api.github.com/users/haseeb1122-spec","html_url":"https://github.com/haseeb1122-spec","followers_url":"https://api.github.com/users/haseeb1122-spec/followers","following_url":"https://api.github.com/users/haseeb1122-spec/following{/other_user}","gists_url":"https://api.github.com/users/haseeb1122-spec/gists{/gist_id}","starred_url":"https://api.github.com/users/haseeb1122-spec/starred{/owner}{/repo}","subscriptions_url":"https://api.github.com/users/haseeb1122-spec/subscriptions","organizations_url":"https://api.github.com/users/haseeb1122-spec/orgs","repos_url":"https://api.github.com/users/haseeb1122-spec/repos","events_url":"https://api.github.com/users/haseeb1122-spec/events{/privacy}","received_events_url":"https://api.github.com/users/haseeb1122-spec/received_events","type":"User","site_admin":false,"name":null,"company":null,"blog":"","location":null,"email":null,"hireable":null,"bio":null,"twitter_username":null,"public_repos":0,"public_gists":0,"followers":0,"following":0,"created_at":"2021-04-06T13:36:29Z","updated_at":"2021-04-08T14:13:47Z","private_gists":0,"total_private_repos":0,"owned_private_repos":0,"disk_usage":0,"collaborators":0,"two_factor_authentication":false,"plan":{"name":"free","space":976562499,"collaborators":0,"private_repos":10000}}
[info] 
[info] +  Success! Logged into GitHub as haseeb1122-spec 
[info] 
[debug] [2021-04-08T14:14:26.777Z] >>> [apiv2][query] GET https://api.github.com/repos/user/actions/secrets/public-key type=owner
[debug] [2021-04-08T14:14:27.299Z] <<< [apiv2][status] GET https://api.github.com/repos/user/actions/secrets/public-key 404
[debug] [2021-04-08T14:14:27.299Z] <<< [apiv2][body] GET https://api.github.com/repos/user/actions/secrets/public-key {"message":"Not Found","documentation_url":"https://docs.github.com/rest"}
